Flow report for Controladora_alarme
Wed Jul 03 22:10:33 2024
Quartus II 64-Bit Version 13.0.1 Build 232 06/12/2013 Service Pack 1 SJ Web Edition


---------------------
; Table of Contents ;
---------------------
  1. Legal Notice
  2. Flow Summary
  3. Flow Settings
  4. Flow Non-Default Global Settings
  5. Flow Elapsed Time
  6. Flow OS Summary
  7. Flow Log
  8. Flow Messages
  9. Flow Suppressed Messages



----------------
; Legal Notice ;
----------------
Copyright (C) 1991-2013 Altera Corporation
Your use of Altera Corporation's design tools, logic functions 
and other software and tools, and its AMPP partner logic 
functions, and any output files from any of the foregoing 
(including device programming or simulation files), and any 
associated documentation or information are expressly subject 
to the terms and conditions of the Altera Program License 
Subscription Agreement, Altera MegaCore Function License 
Agreement, or other applicable license agreement, including, 
without limitation, that your use is for the sole purpose of 
programming logic devices manufactured by Altera and sold by 
Altera or its authorized distributors.  Please refer to the 
applicable agreement for further details.



+--------------------------------------------------------------------------------------+
; Flow Summary                                                                         ;
+------------------------------------+-------------------------------------------------+
; Flow Status                        ; Successful - Wed Jul 03 22:10:33 2024           ;
; Quartus II 64-Bit Version          ; 13.0.1 Build 232 06/12/2013 SP 1 SJ Web Edition ;
; Revision Name                      ; Controladora_alarme                             ;
; Top-level Entity Name              ; Controladora_alarme                             ;
; Family                             ; Cyclone II                                      ;
; Device                             ; EP2C35F672C6                                    ;
; Timing Models                      ; Final                                           ;
; Total logic elements               ; 1 / 33,216 ( < 1 % )                            ;
;     Total combinational functions  ; 1 / 33,216 ( < 1 % )                            ;
;     Dedicated logic registers      ; 1 / 33,216 ( < 1 % )                            ;
; Total registers                    ; 1                                               ;
; Total pins                         ; 7 / 475 ( 1 % )                                 ;
; Total virtual pins                 ; 0                                               ;
; Total memory bits                  ; 0 / 483,840 ( 0 % )                             ;
; Embedded Multiplier 9-bit elements ; 0 / 70 ( 0 % )                                  ;
; Total PLLs                         ; 0 / 4 ( 0 % )                                   ;
+------------------------------------+-------------------------------------------------+


+-----------------------------------------+
; Flow Settings                           ;
+-------------------+---------------------+
; Option            ; Setting             ;
+-------------------+---------------------+
; Start date & time ; 07/03/2024 22:10:18 ;
; Main task         ; Compilation         ;
; Revision Name     ; Controladora_alarme ;
+-------------------+---------------------+


+---------------------------------------------------------------------------------------------------------------------------------------+
; Flow Non-Default Global Settings                                                                                                      ;
+--------------------------------------+---------------------------------+---------------+---------------------+------------------------+
; Assignment Name                      ; Value                           ; Default Value ; Entity Name         ; Section Id             ;
+--------------------------------------+---------------------------------+---------------+---------------------+------------------------+
; COMPILER_SIGNATURE_ID                ; 123598315292862.172005541822448 ; --            ; --                  ; --                     ;
; EDA_DESIGN_INSTANCE_NAME             ; NA                              ; --            ; --                  ; tb_Controladora_alarme ;
; EDA_NATIVELINK_SIMULATION_TEST_BENCH ; tb_Controladora_alarme          ; --            ; --                  ; eda_simulation         ;
; EDA_OUTPUT_DATA_FORMAT               ; Vhdl                            ; --            ; --                  ; eda_simulation         ;
; EDA_SIMULATION_TOOL                  ; ModelSim-Altera (VHDL)          ; <None>        ; --                  ; --                     ;
; EDA_TEST_BENCH_ENABLE_STATUS         ; TEST_BENCH_MODE                 ; --            ; --                  ; eda_simulation         ;
; EDA_TEST_BENCH_FILE                  ; tb_Controladora_alarme.vhdl     ; --            ; --                  ; tb_Controladora_alarme ;
; EDA_TEST_BENCH_MODULE_NAME           ; tb_Controladora_alarme          ; --            ; --                  ; tb_Controladora_alarme ;
; EDA_TEST_BENCH_NAME                  ; tb_Controladora_alarme          ; --            ; --                  ; eda_simulation         ;
; EDA_TEST_BENCH_RUN_SIM_FOR           ; 160 ns                          ; --            ; --                  ; tb_Controladora_alarme ;
; MAX_CORE_JUNCTION_TEMP               ; 85                              ; --            ; --                  ; --                     ;
; MIN_CORE_JUNCTION_TEMP               ; 0                               ; --            ; --                  ; --                     ;
; PARTITION_COLOR                      ; 16764057                        ; --            ; controladora_alarme ; Top                    ;
; PARTITION_FITTER_PRESERVATION_LEVEL  ; PLACEMENT_AND_ROUTING           ; --            ; controladora_alarme ; Top                    ;
; PARTITION_NETLIST_TYPE               ; SOURCE                          ; --            ; controladora_alarme ; Top                    ;
; PROJECT_OUTPUT_DIRECTORY             ; output_files                    ; --            ; --                  ; --                     ;
+--------------------------------------+---------------------------------+---------------+---------------------+------------------------+


+-------------------------------------------------------------------------------------------------------------------------------+
; Flow Elapsed Time                                                                                                             ;
+---------------------------+--------------+-------------------------+---------------------+------------------------------------+
; Module Name               ; Elapsed Time ; Average Processors Used ; Peak Virtual Memory ; Total CPU Time (on all processors) ;
+---------------------------+--------------+-------------------------+---------------------+------------------------------------+
; Analysis & Synthesis      ; 00:00:02     ; 1.0                     ; 4647 MB             ; 00:00:01                           ;
; Fitter                    ; 00:00:06     ; 1.0                     ; 4879 MB             ; 00:00:03                           ;
; Assembler                 ; 00:00:02     ; 1.0                     ; 4555 MB             ; 00:00:01                           ;
; TimeQuest Timing Analyzer ; 00:00:01     ; 1.0                     ; 4539 MB             ; 00:00:00                           ;
; EDA Netlist Writer        ; 00:00:01     ; 1.0                     ; 4511 MB             ; 00:00:00                           ;
; Total                     ; 00:00:12     ; --                      ; --                  ; 00:00:05                           ;
+---------------------------+--------------+-------------------------+---------------------+------------------------------------+


+----------------------------------------------------------------------------------------+
; Flow OS Summary                                                                        ;
+---------------------------+------------------+-----------+------------+----------------+
; Module Name               ; Machine Hostname ; OS Name   ; OS Version ; Processor type ;
+---------------------------+------------------+-----------+------------+----------------+
; Analysis & Synthesis      ; DESKTOP-E6TEFNH  ; Windows 7 ; 6.2        ; x86_64         ;
; Fitter                    ; DESKTOP-E6TEFNH  ; Windows 7 ; 6.2        ; x86_64         ;
; Assembler                 ; DESKTOP-E6TEFNH  ; Windows 7 ; 6.2        ; x86_64         ;
; TimeQuest Timing Analyzer ; DESKTOP-E6TEFNH  ; Windows 7 ; 6.2        ; x86_64         ;
; EDA Netlist Writer        ; DESKTOP-E6TEFNH  ; Windows 7 ; 6.2        ; x86_64         ;
+---------------------------+------------------+-----------+------------+----------------+


------------
; Flow Log ;
------------
quartus_map --read_settings_files=on --write_settings_files=off Controladora_alarme -c Controladora_alarme
quartus_fit --read_settings_files=off --write_settings_files=off Controladora_alarme -c Controladora_alarme
quartus_asm --read_settings_files=off --write_settings_files=off Controladora_alarme -c Controladora_alarme
quartus_sta Controladora_alarme -c Controladora_alarme
quartus_eda --read_settings_files=off --write_settings_files=off Controladora_alarme -c Controladora_alarme



